# JRE version: OpenJDK Runtime Environment (17.0.11) (build 17.0.11+0--11852314)
# Java VM: OpenJDK 64-Bit Server VM (17.0.11+0--11852314, mixed mode, tiered, compressed oops, compressed class ptrs, g1 gc, windows-amd64)
GC Precious Log:
 CPUs: 12 total, 12 available
 Memory: 7489M
 Large Page Support: Disabled
 NUMA Support: Disabled
 Compressed Oops: Enabled (32-bit)
 Heap Region Size: 1M
 Heap Min Capacity: 8M
 Heap Initial Capacity: 118M
 Heap Max Capacity: 2G
 Pre-touch: Disabled
 Parallel Workers: 10
 Concurrent Workers: 3
 Concurrent Refinement Workers: 10
 Periodic GC: Disabled
Heap:
 garbage-first heap   total 304128K, used 193824K [0x0000000080000000, 0x0000000100000000)
  region size 1024K, 93 young (95232K), 0 survivors (0K)
 Metaspace       used 134712K, committed 135872K, reserved 1179648K
  class space    used 18724K, committed 19264K, reserved 1048576K
GC Heap History (20 events):
Event: 80.224 GC heap before
{Heap before GC invocations=71 (full 0):
 garbage-first heap   total 157696K, used 136237K [0x0000000080000000, 0x0000000100000000)
  region size 1024K, 14 young (14336K), 1 survivors (1024K)
 Metaspace       used 118724K, committed 119616K, reserved 1179648K
  class space    used 16447K, committed 16896K, reserved 1048576K
}
Event: 80.228 GC heap after
{Heap after GC invocations=72 (full 0):
 garbage-first heap   total 157696K, used 124213K [0x0000000080000000, 0x0000000100000000)
  region size 1024K, 2 young (2048K), 2 survivors (2048K)
 Metaspace       used 118724K, committed 119616K, reserved 1179648K
  class space    used 16447K, committed 16896K, reserved 1048576K
}
Event: 81.504 GC heap before
{Heap before GC invocations=73 (full 0):
 garbage-first heap   total 214016K, used 131381K [0x0000000080000000, 0x0000000100000000)
  region size 1024K, 10 young (10240K), 2 survivors (2048K)
 Metaspace       used 119691K, committed 120640K, reserved 1179648K
  class space    used 16628K, committed 17088K, reserved 1048576K
}
Event: 81.515 GC heap after
{Heap after GC invocations=74 (full 0):
 garbage-first heap   total 214016K, used 124557K [0x0000000080000000, 0x0000000100000000)
  region size 1024K, 1 young (1024K), 1 survivors (1024K)
 Metaspace       used 119691K, committed 120640K, reserved 1179648K
  class space    used 16628K, committed 17088K, reserved 1048576K
}
Event: 81.808 GC heap before
{Heap before GC invocations=74 (full 0):
 garbage-first heap   total 214016K, used 133773K [0x0000000080000000, 0x0000000100000000)
  region size 1024K, 10 young (10240K), 1 survivors (1024K)
 Metaspace       used 120834K, committed 121728K, reserved 1179648K
  class space    used 16765K, committed 17216K, reserved 1048576K
}
Event: 81.858 GC heap after
{Heap after GC invocations=75 (full 0):
 garbage-first heap   total 304128K, used 120783K [0x0000000080000000, 0x0000000100000000)
  region size 1024K, 1 young (1024K), 1 survivors (1024K)
 Metaspace       used 120834K, committed 121728K, reserved 1179648K
  class space    used 16765K, committed 17216K, reserved 1048576K
}
Event: 476.961 GC heap before
{Heap before GC invocations=75 (full 0):
 garbage-first heap   total 304128K, used 268239K [0x0000000080000000, 0x0000000100000000)
  region size 1024K, 128 young (131072K), 1 survivors (1024K)
 Metaspace       used 132189K, committed 133120K, reserved 1179648K
  class space    used 18604K, committed 19072K, reserved 1048576K
}
Event: 477.444 GC heap after
{Heap after GC invocations=76 (full 0):
 garbage-first heap   total 304128K, used 125321K [0x0000000080000000, 0x0000000100000000)
  region size 1024K, 6 young (6144K), 6 survivors (6144K)
 Metaspace       used 132189K, committed 133120K, reserved 1179648K
  class space    used 18604K, committed 19072K, reserved 1048576K
}
Event: 932.044 GC heap before
{Heap before GC invocations=77 (full 0):
 garbage-first heap   total 304128K, used 178569K [0x0000000080000000, 0x0000000100000000)
  region size 1024K, 59 young (60416K), 6 survivors (6144K)
 Metaspace       used 132676K, committed 133632K, reserved 1179648K
  class space    used 18629K, committed 19072K, reserved 1048576K
}
Event: 932.151 GC heap after
{Heap after GC invocations=78 (full 0):
 garbage-first heap   total 304128K, used 130173K [0x0000000080000000, 0x0000000100000000)
  region size 1024K, 5 young (5120K), 5 survivors (5120K)
 Metaspace       used 132676K, committed 133632K, reserved 1179648K
  class space    used 18629K, committed 19072K, reserved 1048576K
}
Event: 932.879 GC heap before
{Heap before GC invocations=78 (full 0):
 garbage-first heap   total 304128K, used 139389K [0x0000000080000000, 0x0000000100000000)
  region size 1024K, 14 young (14336K), 5 survivors (5120K)
 Metaspace       used 132791K, committed 133760K, reserved 1179648K
  class space    used 18632K, committed 19072K, reserved 1048576K
}
Event: 932.929 GC heap after
{Heap after GC invocations=79 (full 0):
 garbage-first heap   total 304128K, used 130048K [0x0000000080000000, 0x0000000100000000)
  region size 1024K, 2 young (2048K), 2 survivors (2048K)
 Metaspace       used 132791K, committed 133760K, reserved 1179648K
  class space    used 18632K, committed 19072K, reserved 1048576K
}
Event: 944.141 GC heap before
{Heap before GC invocations=79 (full 0):
 garbage-first heap   total 304128K, used 200704K [0x0000000080000000, 0x0000000100000000)
  region size 1024K, 73 young (74752K), 2 survivors (2048K)
 Metaspace       used 133556K, committed 134528K, reserved 1179648K
  class space    used 18647K, committed 19136K, reserved 1048576K
}
Event: 944.166 GC heap after
{Heap after GC invocations=80 (full 0):
 garbage-first heap   total 304128K, used 135109K [0x0000000080000000, 0x0000000100000000)
  region size 1024K, 7 young (7168K), 7 survivors (7168K)
 Metaspace       used 133556K, committed 134528K, reserved 1179648K
  class space    used 18647K, committed 19136K, reserved 1048576K
}
Event: 1120.193 GC heap before
{Heap before GC invocations=81 (full 0):
 garbage-first heap   total 304128K, used 265157K [0x0000000080000000, 0x0000000100000000)
  region size 1024K, 117 young (119808K), 7 survivors (7168K)
 Metaspace       used 134172K, committed 135232K, reserved 1179648K
  class space    used 18695K, committed 19200K, reserved 1048576K
}
Event: 1120.268 GC heap after
{Heap after GC invocations=82 (full 0):
 garbage-first heap   total 304128K, used 144645K [0x0000000080000000, 0x0000000100000000)
  region size 1024K, 15 young (15360K), 15 survivors (15360K)
 Metaspace       used 134172K, committed 135232K, reserved 1179648K
  class space    used 18695K, committed 19200K, reserved 1048576K
}
Event: 1120.303 GC heap before
{Heap before GC invocations=82 (full 0):
 garbage-first heap   total 304128K, used 145669K [0x0000000080000000, 0x0000000100000000)
  region size 1024K, 16 young (16384K), 15 survivors (15360K)
 Metaspace       used 134178K, committed 135232K, reserved 1179648K
  class space    used 18695K, committed 19200K, reserved 1048576K
}
Event: 1120.359 GC heap after
{Heap after GC invocations=83 (full 0):
 garbage-first heap   total 304128K, used 141993K [0x0000000080000000, 0x0000000100000000)
  region size 1024K, 2 young (2048K), 2 survivors (2048K)
 Metaspace       used 134178K, committed 135232K, reserved 1179648K
  class space    used 18695K, committed 19200K, reserved 1048576K
}
Event: 4544.530 GC heap before
{Heap before GC invocations=83 (full 0):
 garbage-first heap   total 304128K, used 222889K [0x0000000080000000, 0x0000000100000000)
  region size 1024K, 83 young (84992K), 2 survivors (2048K)
 Metaspace       used 134344K, committed 135360K, reserved 1179648K
  class space    used 18695K, committed 19200K, reserved 1048576K
}
Event: 4545.429 GC heap after
{Heap after GC invocations=84 (full 1):
 garbage-first heap   total 304128K, used 100640K [0x0000000080000000, 0x0000000100000000)
  region size 1024K, 0 young (0K), 0 survivors (0K)
 Metaspace       used 134344K, committed 135360K, reserved 1179648K
  class space    used 18695K, committed 19200K, reserved 1048576K
}

