# JRE version: OpenJDK Runtime Environment (17.0.11) (build 17.0.11+0--11852314)
# Java VM: OpenJDK 64-Bit Server VM (17.0.11+0--11852314, mixed mode, tiered, compressed oops, compressed class ptrs, g1 gc, windows-amd64)
GC Precious Log:
 CPUs: 12 total, 12 available
 Memory: 7489M
 Large Page Support: Disabled
 NUMA Support: Disabled
 Compressed Oops: Enabled (32-bit)
 Heap Region Size: 1M
 Heap Min Capacity: 8M
 Heap Initial Capacity: 118M
 Heap Max Capacity: 2G
 Pre-touch: Disabled
 Parallel Workers: 10
 Concurrent Workers: 3
 Concurrent Refinement Workers: 10
 Periodic GC: Disabled
Heap:
 garbage-first heap   total 184320K, used 139388K [0x0000000080000000, 0x0000000100000000)
  region size 1024K, 17 young (17408K), 5 survivors (5120K)
 Metaspace       used 133944K, committed 134848K, reserved 1179648K
  class space    used 19208K, committed 19648K, reserved 1048576K
GC Heap History (20 events):
Event: 18.942 GC heap before
{Heap before GC invocations=46 (full 0):
 garbage-first heap   total 184320K, used 153153K [0x0000000080000000, 0x0000000100000000)
  region size 1024K, 47 young (48128K), 5 survivors (5120K)
 Metaspace       used 108523K, committed 109312K, reserved 1179648K
  class space    used 14924K, committed 15296K, reserved 1048576K
}
Event: 18.947 GC heap after
{Heap after GC invocations=47 (full 0):
 garbage-first heap   total 184320K, used 113438K [0x0000000080000000, 0x0000000100000000)
  region size 1024K, 5 young (5120K), 5 survivors (5120K)
 Metaspace       used 108523K, committed 109312K, reserved 1179648K
  class space    used 14924K, committed 15296K, reserved 1048576K
}
Event: 20.988 GC heap before
{Heap before GC invocations=47 (full 0):
 garbage-first heap   total 184320K, used 152350K [0x0000000080000000, 0x0000000100000000)
  region size 1024K, 44 young (45056K), 5 survivors (5120K)
 Metaspace       used 109074K, committed 109952K, reserved 1179648K
  class space    used 14981K, committed 15424K, reserved 1048576K
}
Event: 20.992 GC heap after
{Heap after GC invocations=48 (full 0):
 garbage-first heap   total 184320K, used 115472K [0x0000000080000000, 0x0000000100000000)
  region size 1024K, 4 young (4096K), 4 survivors (4096K)
 Metaspace       used 109074K, committed 109952K, reserved 1179648K
  class space    used 14981K, committed 15424K, reserved 1048576K
}
Event: 21.294 GC heap before
{Heap before GC invocations=48 (full 0):
 garbage-first heap   total 184320K, used 153360K [0x0000000080000000, 0x0000000100000000)
  region size 1024K, 42 young (43008K), 4 survivors (4096K)
 Metaspace       used 110090K, committed 110912K, reserved 1179648K
  class space    used 15087K, committed 15488K, reserved 1048576K
}
Event: 21.298 GC heap after
{Heap after GC invocations=49 (full 0):
 garbage-first heap   total 184320K, used 116949K [0x0000000080000000, 0x0000000100000000)
  region size 1024K, 4 young (4096K), 4 survivors (4096K)
 Metaspace       used 110090K, committed 110912K, reserved 1179648K
  class space    used 15087K, committed 15488K, reserved 1048576K
}
Event: 22.331 GC heap before
{Heap before GC invocations=49 (full 0):
 garbage-first heap   total 184320K, used 153813K [0x0000000080000000, 0x0000000100000000)
  region size 1024K, 41 young (41984K), 4 survivors (4096K)
 Metaspace       used 112757K, committed 113536K, reserved 1179648K
  class space    used 15415K, committed 15808K, reserved 1048576K
}
Event: 22.335 GC heap after
{Heap after GC invocations=50 (full 0):
 garbage-first heap   total 184320K, used 119495K [0x0000000080000000, 0x0000000100000000)
  region size 1024K, 6 young (6144K), 6 survivors (6144K)
 Metaspace       used 112757K, committed 113536K, reserved 1179648K
  class space    used 15415K, committed 15808K, reserved 1048576K
}
Event: 33.241 GC heap before
{Heap before GC invocations=50 (full 0):
 garbage-first heap   total 184320K, used 154311K [0x0000000080000000, 0x0000000100000000)
  region size 1024K, 41 young (41984K), 6 survivors (6144K)
 Metaspace       used 115074K, committed 115968K, reserved 1179648K
  class space    used 15779K, committed 16192K, reserved 1048576K
}
Event: 33.263 GC heap after
{Heap after GC invocations=51 (full 0):
 garbage-first heap   total 184320K, used 121034K [0x0000000080000000, 0x0000000100000000)
  region size 1024K, 3 young (3072K), 3 survivors (3072K)
 Metaspace       used 115074K, committed 115968K, reserved 1179648K
  class space    used 15779K, committed 16192K, reserved 1048576K
}
Event: 33.698 GC heap before
{Heap before GC invocations=51 (full 0):
 garbage-first heap   total 184320K, used 153802K [0x0000000080000000, 0x0000000100000000)
  region size 1024K, 36 young (36864K), 3 survivors (3072K)
 Metaspace       used 118473K, committed 119360K, reserved 1179648K
  class space    used 16311K, committed 16768K, reserved 1048576K
}
Event: 33.702 GC heap after
{Heap after GC invocations=52 (full 0):
 garbage-first heap   total 184320K, used 122523K [0x0000000080000000, 0x0000000100000000)
  region size 1024K, 5 young (5120K), 5 survivors (5120K)
 Metaspace       used 118473K, committed 119360K, reserved 1179648K
  class space    used 16311K, committed 16768K, reserved 1048576K
}
Event: 36.321 GC heap before
{Heap before GC invocations=52 (full 0):
 garbage-first heap   total 184320K, used 155291K [0x0000000080000000, 0x0000000100000000)
  region size 1024K, 38 young (38912K), 5 survivors (5120K)
 Metaspace       used 122292K, committed 123200K, reserved 1179648K
  class space    used 16969K, committed 17408K, reserved 1048576K
}
Event: 36.328 GC heap after
{Heap after GC invocations=53 (full 0):
 garbage-first heap   total 184320K, used 125265K [0x0000000080000000, 0x0000000100000000)
  region size 1024K, 5 young (5120K), 5 survivors (5120K)
 Metaspace       used 122292K, committed 123200K, reserved 1179648K
  class space    used 16969K, committed 17408K, reserved 1048576K
}
Event: 36.704 GC heap before
{Heap before GC invocations=53 (full 0):
 garbage-first heap   total 184320K, used 155985K [0x0000000080000000, 0x0000000100000000)
  region size 1024K, 36 young (36864K), 5 survivors (5120K)
 Metaspace       used 126375K, committed 127296K, reserved 1179648K
  class space    used 17777K, committed 18240K, reserved 1048576K
}
Event: 36.709 GC heap after
{Heap after GC invocations=54 (full 0):
 garbage-first heap   total 184320K, used 126010K [0x0000000080000000, 0x0000000100000000)
  region size 1024K, 2 young (2048K), 2 survivors (2048K)
 Metaspace       used 126375K, committed 127296K, reserved 1179648K
  class space    used 17777K, committed 18240K, reserved 1048576K
}
Event: 37.181 GC heap before
{Heap before GC invocations=54 (full 0):
 garbage-first heap   total 184320K, used 156730K [0x0000000080000000, 0x0000000100000000)
  region size 1024K, 33 young (33792K), 2 survivors (2048K)
 Metaspace       used 129632K, committed 130560K, reserved 1179648K
  class space    used 18361K, committed 18816K, reserved 1048576K
}
Event: 37.184 GC heap after
{Heap after GC invocations=55 (full 0):
 garbage-first heap   total 184320K, used 126399K [0x0000000080000000, 0x0000000100000000)
  region size 1024K, 2 young (2048K), 2 survivors (2048K)
 Metaspace       used 129632K, committed 130560K, reserved 1179648K
  class space    used 18361K, committed 18816K, reserved 1048576K
}
Event: 37.491 GC heap before
{Heap before GC invocations=55 (full 0):
 garbage-first heap   total 184320K, used 158143K [0x0000000080000000, 0x0000000100000000)
  region size 1024K, 34 young (34816K), 2 survivors (2048K)
 Metaspace       used 132962K, committed 133952K, reserved 1179648K
  class space    used 19003K, committed 19456K, reserved 1048576K
}
Event: 37.495 GC heap after
{Heap after GC invocations=56 (full 0):
 garbage-first heap   total 184320K, used 129148K [0x0000000080000000, 0x0000000100000000)
  region size 1024K, 5 young (5120K), 5 survivors (5120K)
 Metaspace       used 132962K, committed 133952K, reserved 1179648K
  class space    used 19003K, committed 19456K, reserved 1048576K
}

